Analysis & Synthesis report for MKdusk8BitsProcess
Tue Nov 26 18:23:04 2019
Quartus Prime Version 18.1.0 Build 625 09/12/2018 SJ Lite Edition


---------------------
; Table of Contents ;
---------------------
  1. Legal Notice
  2. Analysis & Synthesis Summary
  3. Analysis & Synthesis Settings
  4. Parallel Compilation
  5. Analysis & Synthesis Source Files Read
  6. Analysis & Synthesis Resource Usage Summary
  7. Analysis & Synthesis Resource Utilization by Entity
  8. User-Specified and Inferred Latches
  9. General Register Statistics
 10. Multiplexer Restructuring Statistics (Restructuring Performed)
 11. Port Connectivity Checks: "Multiplexador:multiplexador_4"
 12. Port Connectivity Checks: "SomadorPC:add_pc_1"
 13. Post-Synthesis Netlist Statistics for Top Partition
 14. Elapsed Time Per Partition
 15. Analysis & Synthesis Messages



----------------
; Legal Notice ;
----------------
Copyright (C) 2018  Intel Corporation. All rights reserved.
Your use of Intel Corporation's design tools, logic functions 
and other software and tools, and its AMPP partner logic 
functions, and any output files from any of the foregoing 
(including device programming or simulation files), and any 
associated documentation or information are expressly subject 
to the terms and conditions of the Intel Program License 
Subscription Agreement, the Intel Quartus Prime License Agreement,
the Intel FPGA IP License Agreement, or other applicable license
agreement, including, without limitation, that your use is for
the sole purpose of programming logic devices manufactured by
Intel and sold by Intel or its authorized distributors.  Please
refer to the applicable agreement for further details.



+-------------------------------------------------------------------------------+
; Analysis & Synthesis Summary                                                  ;
+---------------------------------+---------------------------------------------+
; Analysis & Synthesis Status     ; Successful - Tue Nov 26 18:23:04 2019       ;
; Quartus Prime Version           ; 18.1.0 Build 625 09/12/2018 SJ Lite Edition ;
; Revision Name                   ; MKdusk8BitsProcess                          ;
; Top-level Entity Name           ; MKdusk8BitsProcess                          ;
; Family                          ; Cyclone V                                   ;
; Logic utilization (in ALMs)     ; N/A                                         ;
; Total registers                 ; 48                                          ;
; Total pins                      ; 110                                         ;
; Total virtual pins              ; 0                                           ;
; Total block memory bits         ; 0                                           ;
; Total DSP Blocks                ; 0                                           ;
; Total HSSI RX PCSs              ; 0                                           ;
; Total HSSI PMA RX Deserializers ; 0                                           ;
; Total HSSI TX PCSs              ; 0                                           ;
; Total HSSI PMA TX Serializers   ; 0                                           ;
; Total PLLs                      ; 0                                           ;
; Total DLLs                      ; 0                                           ;
+---------------------------------+---------------------------------------------+


+---------------------------------------------------------------------------------------------------------------------------+
; Analysis & Synthesis Settings                                                                                             ;
+---------------------------------------------------------------------------------+--------------------+--------------------+
; Option                                                                          ; Setting            ; Default Value      ;
+---------------------------------------------------------------------------------+--------------------+--------------------+
; Device                                                                          ; 5CGXFC7C7F23C8     ;                    ;
; Top-level entity name                                                           ; MKdusk8BitsProcess ; MKdusk8BitsProcess ;
; Family name                                                                     ; Cyclone V          ; Cyclone V          ;
; Use smart compilation                                                           ; Off                ; Off                ;
; Enable parallel Assembler and Timing Analyzer during compilation                ; On                 ; On                 ;
; Enable compact report table                                                     ; Off                ; Off                ;
; Restructure Multiplexers                                                        ; Auto               ; Auto               ;
; MLAB Add Timing Constraints For Mixed-Port Feed-Through Mode Setting Don't Care ; Off                ; Off                ;
; Create Debugging Nodes for IP Cores                                             ; Off                ; Off                ;
; Preserve fewer node names                                                       ; On                 ; On                 ;
; Intel FPGA IP Evaluation Mode                                                   ; Enable             ; Enable             ;
; Verilog Version                                                                 ; Verilog_2001       ; Verilog_2001       ;
; VHDL Version                                                                    ; VHDL_1993          ; VHDL_1993          ;
; State Machine Processing                                                        ; Auto               ; Auto               ;
; Safe State Machine                                                              ; Off                ; Off                ;
; Extract Verilog State Machines                                                  ; On                 ; On                 ;
; Extract VHDL State Machines                                                     ; On                 ; On                 ;
; Ignore Verilog initial constructs                                               ; Off                ; Off                ;
; Iteration limit for constant Verilog loops                                      ; 5000               ; 5000               ;
; Iteration limit for non-constant Verilog loops                                  ; 250                ; 250                ;
; Add Pass-Through Logic to Inferred RAMs                                         ; On                 ; On                 ;
; Infer RAMs from Raw Logic                                                       ; On                 ; On                 ;
; Parallel Synthesis                                                              ; On                 ; On                 ;
; DSP Block Balancing                                                             ; Auto               ; Auto               ;
; NOT Gate Push-Back                                                              ; On                 ; On                 ;
; Power-Up Don't Care                                                             ; On                 ; On                 ;
; Remove Redundant Logic Cells                                                    ; Off                ; Off                ;
; Remove Duplicate Registers                                                      ; On                 ; On                 ;
; Ignore CARRY Buffers                                                            ; Off                ; Off                ;
; Ignore CASCADE Buffers                                                          ; Off                ; Off                ;
; Ignore GLOBAL Buffers                                                           ; Off                ; Off                ;
; Ignore ROW GLOBAL Buffers                                                       ; Off                ; Off                ;
; Ignore LCELL Buffers                                                            ; Off                ; Off                ;
; Ignore SOFT Buffers                                                             ; On                 ; On                 ;
; Limit AHDL Integers to 32 Bits                                                  ; Off                ; Off                ;
; Optimization Technique                                                          ; Balanced           ; Balanced           ;
; Carry Chain Length                                                              ; 70                 ; 70                 ;
; Auto Carry Chains                                                               ; On                 ; On                 ;
; Auto Open-Drain Pins                                                            ; On                 ; On                 ;
; Perform WYSIWYG Primitive Resynthesis                                           ; Off                ; Off                ;
; Auto ROM Replacement                                                            ; On                 ; On                 ;
; Auto RAM Replacement                                                            ; On                 ; On                 ;
; Auto DSP Block Replacement                                                      ; On                 ; On                 ;
; Auto Shift Register Replacement                                                 ; Auto               ; Auto               ;
; Allow Shift Register Merging across Hierarchies                                 ; Auto               ; Auto               ;
; Auto Clock Enable Replacement                                                   ; On                 ; On                 ;
; Strict RAM Replacement                                                          ; Off                ; Off                ;
; Allow Synchronous Control Signals                                               ; On                 ; On                 ;
; Force Use of Synchronous Clear Signals                                          ; Off                ; Off                ;
; Auto Resource Sharing                                                           ; Off                ; Off                ;
; Allow Any RAM Size For Recognition                                              ; Off                ; Off                ;
; Allow Any ROM Size For Recognition                                              ; Off                ; Off                ;
; Allow Any Shift Register Size For Recognition                                   ; Off                ; Off                ;
; Use LogicLock Constraints during Resource Balancing                             ; On                 ; On                 ;
; Ignore translate_off and synthesis_off directives                               ; Off                ; Off                ;
; Timing-Driven Synthesis                                                         ; On                 ; On                 ;
; Report Parameter Settings                                                       ; On                 ; On                 ;
; Report Source Assignments                                                       ; On                 ; On                 ;
; Report Connectivity Checks                                                      ; On                 ; On                 ;
; Ignore Maximum Fan-Out Assignments                                              ; Off                ; Off                ;
; Synchronization Register Chain Length                                           ; 3                  ; 3                  ;
; Power Optimization During Synthesis                                             ; Normal compilation ; Normal compilation ;
; HDL message level                                                               ; Level2             ; Level2             ;
; Suppress Register Optimization Related Messages                                 ; Off                ; Off                ;
; Number of Removed Registers Reported in Synthesis Report                        ; 5000               ; 5000               ;
; Number of Swept Nodes Reported in Synthesis Report                              ; 5000               ; 5000               ;
; Number of Inverted Registers Reported in Synthesis Report                       ; 100                ; 100                ;
; Clock MUX Protection                                                            ; On                 ; On                 ;
; Auto Gated Clock Conversion                                                     ; Off                ; Off                ;
; Block Design Naming                                                             ; Auto               ; Auto               ;
; SDC constraint protection                                                       ; Off                ; Off                ;
; Synthesis Effort                                                                ; Auto               ; Auto               ;
; Shift Register Replacement - Allow Asynchronous Clear Signal                    ; On                 ; On                 ;
; Pre-Mapping Resynthesis Optimization                                            ; Off                ; Off                ;
; Analysis & Synthesis Message Level                                              ; Medium             ; Medium             ;
; Disable Register Merging Across Hierarchies                                     ; Auto               ; Auto               ;
; Resource Aware Inference For Block RAM                                          ; On                 ; On                 ;
; Automatic Parallel Synthesis                                                    ; On                 ; On                 ;
; Partial Reconfiguration Bitstream ID                                            ; Off                ; Off                ;
+---------------------------------------------------------------------------------+--------------------+--------------------+


+------------------------------------------+
; Parallel Compilation                     ;
+----------------------------+-------------+
; Processors                 ; Number      ;
+----------------------------+-------------+
; Number detected on machine ; 4           ;
; Maximum allowed            ; 2           ;
;                            ;             ;
; Average used               ; 1.00        ;
; Maximum used               ; 2           ;
;                            ;             ;
; Usage by Processor         ; % Time Used ;
;     Processor 1            ; 100.0%      ;
;     Processor 2            ;   0.0%      ;
+----------------------------+-------------+


+------------------------------------------------------------------------------------------------------------------------------------------------------------------------+
; Analysis & Synthesis Source Files Read                                                                                                                                 ;
+----------------------------------+-----------------+-----------------+---------------------------------------------------------------------------------------+---------+
; File Name with User-Entered Path ; Used in Netlist ; File Type       ; File Name with Absolute Path                                                          ; Library ;
+----------------------------------+-----------------+-----------------+---------------------------------------------------------------------------------------+---------+
; MKdusk8BitsProcess.vhd           ; yes             ; User VHDL File  ; C:/Users/Marku/OneDrive/Documentos/AOC/VHDL/MKduskProcess/MKdusk8BitsProcess.vhd      ;         ;
; BancoRegistradores.vhd           ; yes             ; User VHDL File  ; C:/Users/Marku/OneDrive/Documentos/AOC/VHDL/MKduskProcess/BancoRegistradores.vhd      ;         ;
; ExtensordeSinal3To8bits.vhd      ; yes             ; User VHDL File  ; C:/Users/Marku/OneDrive/Documentos/AOC/VHDL/MKduskProcess/ExtensordeSinal3To8bits.vhd ;         ;
; PortAnd.vhd                      ; yes             ; User VHDL File  ; C:/Users/Marku/OneDrive/Documentos/AOC/VHDL/MKduskProcess/PortAnd.vhd                 ;         ;
; Multiplexador.vhd                ; yes             ; User VHDL File  ; C:/Users/Marku/OneDrive/Documentos/AOC/VHDL/MKduskProcess/Multiplexador.vhd           ;         ;
; RAM.vhd                          ; yes             ; User VHDL File  ; C:/Users/Marku/OneDrive/Documentos/AOC/VHDL/MKduskProcess/RAM.vhd                     ;         ;
; ROM_1.vhd                        ; yes             ; User VHDL File  ; C:/Users/Marku/OneDrive/Documentos/AOC/VHDL/MKduskProcess/ROM_1.vhd                   ;         ;
; SomadorPC.vhd                    ; yes             ; User VHDL File  ; C:/Users/Marku/OneDrive/Documentos/AOC/VHDL/MKduskProcess/SomadorPC.vhd               ;         ;
; ULA.vhd                          ; yes             ; User VHDL File  ; C:/Users/Marku/OneDrive/Documentos/AOC/VHDL/MKduskProcess/ULA.vhd                     ;         ;
; Unidade_Controle.vhd             ; yes             ; User VHDL File  ; C:/Users/Marku/OneDrive/Documentos/AOC/VHDL/MKduskProcess/Unidade_Controle.vhd        ;         ;
; PC.vhd                           ; yes             ; User VHDL File  ; C:/Users/Marku/OneDrive/Documentos/AOC/VHDL/MKduskProcess/PC.vhd                      ;         ;
+----------------------------------+-----------------+-----------------+---------------------------------------------------------------------------------------+---------+


+-----------------------------------------------------------+
; Analysis & Synthesis Resource Usage Summary               ;
+---------------------------------------------+-------------+
; Resource                                    ; Usage       ;
+---------------------------------------------+-------------+
; Estimate of Logic utilization (ALMs needed) ; 73          ;
;                                             ;             ;
; Combinational ALUT usage for logic          ; 118         ;
;     -- 7 input functions                    ; 0           ;
;     -- 6 input functions                    ; 26          ;
;     -- 5 input functions                    ; 22          ;
;     -- 4 input functions                    ; 26          ;
;     -- <=3 input functions                  ; 44          ;
;                                             ;             ;
; Dedicated logic registers                   ; 48          ;
;                                             ;             ;
; I/O pins                                    ; 110         ;
;                                             ;             ;
; Total DSP Blocks                            ; 0           ;
;                                             ;             ;
; Maximum fan-out node                        ; clock~input ;
; Maximum fan-out                             ; 48          ;
; Total fan-out                               ; 820         ;
; Average fan-out                             ; 2.12        ;
+---------------------------------------------+-------------+


+------------------------------------------------------------------------------------------------------------------------------------------------------------------------------------------------------------------------------------------------------------+
; Analysis & Synthesis Resource Utilization by Entity                                                                                                                                                                                                        ;
+---------------------------------------------+---------------------+---------------------------+-------------------+------------+------+--------------+------------------------------------------------------------+-------------------------+--------------+
; Compilation Hierarchy Node                  ; Combinational ALUTs ; Dedicated Logic Registers ; Block Memory Bits ; DSP Blocks ; Pins ; Virtual Pins ; Full Hierarchy Name                                        ; Entity Name             ; Library Name ;
+---------------------------------------------+---------------------+---------------------------+-------------------+------------+------+--------------+------------------------------------------------------------+-------------------------+--------------+
; |MKdusk8BitsProcess                         ; 118 (0)             ; 48 (0)                    ; 0                 ; 0          ; 110  ; 0            ; |MKdusk8BitsProcess                                        ; MKdusk8BitsProcess      ; work         ;
;    |BancoRegistradores:banco_registradores| ; 18 (18)             ; 16 (16)                   ; 0                 ; 0          ; 0    ; 0            ; |MKdusk8BitsProcess|BancoRegistradores:banco_registradores ; BancoRegistradores      ; work         ;
;    |ExtensordeSinal3To8bits:extensor_sinal| ; 1 (1)               ; 0 (0)                     ; 0                 ; 0          ; 0    ; 0            ; |MKdusk8BitsProcess|ExtensordeSinal3To8bits:extensor_sinal ; ExtensordeSinal3To8bits ; work         ;
;    |Multiplexador:multiplexador_2|          ; 8 (8)               ; 0 (0)                     ; 0                 ; 0          ; 0    ; 0            ; |MKdusk8BitsProcess|Multiplexador:multiplexador_2          ; Multiplexador           ; work         ;
;    |Multiplexador:multiplexador_3|          ; 8 (8)               ; 0 (0)                     ; 0                 ; 0          ; 0    ; 0            ; |MKdusk8BitsProcess|Multiplexador:multiplexador_3          ; Multiplexador           ; work         ;
;    |Multiplexador:multiplexador_4|          ; 9 (9)               ; 0 (0)                     ; 0                 ; 0          ; 0    ; 0            ; |MKdusk8BitsProcess|Multiplexador:multiplexador_4          ; Multiplexador           ; work         ;
;    |Multiplexador:multiplexador_5|          ; 8 (8)               ; 0 (0)                     ; 0                 ; 0          ; 0    ; 0            ; |MKdusk8BitsProcess|Multiplexador:multiplexador_5          ; Multiplexador           ; work         ;
;    |PC:Program_Counter|                     ; 0 (0)               ; 8 (8)                     ; 0                 ; 0          ; 0    ; 0            ; |MKdusk8BitsProcess|PC:Program_Counter                     ; PC                      ; work         ;
;    |RAM:ram_1|                              ; 10 (10)             ; 24 (24)                   ; 0                 ; 0          ; 0    ; 0            ; |MKdusk8BitsProcess|RAM:ram_1                              ; RAM                     ; work         ;
;    |ROM_1:memory_rom|                       ; 6 (6)               ; 0 (0)                     ; 0                 ; 0          ; 0    ; 0            ; |MKdusk8BitsProcess|ROM_1:memory_rom                       ; ROM_1                   ; work         ;
;    |SomadorPC:add_pc_1|                     ; 8 (8)               ; 0 (0)                     ; 0                 ; 0          ; 0    ; 0            ; |MKdusk8BitsProcess|SomadorPC:add_pc_1                     ; SomadorPC               ; work         ;
;    |ULA:ULA_1|                              ; 34 (34)             ; 0 (0)                     ; 0                 ; 0          ; 0    ; 0            ; |MKdusk8BitsProcess|ULA:ULA_1                              ; ULA                     ; work         ;
;    |Unidade_Controle:UC|                    ; 8 (8)               ; 0 (0)                     ; 0                 ; 0          ; 0    ; 0            ; |MKdusk8BitsProcess|Unidade_Controle:UC                    ; Unidade_Controle        ; work         ;
+---------------------------------------------+---------------------+---------------------------+-------------------+------------+------+--------------+------------------------------------------------------------+-------------------------+--------------+
Note: For table entries with two numbers listed, the numbers in parentheses indicate the number of resources of the given type used by the specific entity alone. The numbers listed outside of parentheses indicate the total resources of the given type used by the specific entity and all of its sub-entities in the hierarchy.


+---------------------------------------------------------------------------------------------------+
; User-Specified and Inferred Latches                                                               ;
+----------------------------------------------------+---------------------+------------------------+
; Latch Name                                         ; Latch Enable Signal ; Free of Timing Hazards ;
+----------------------------------------------------+---------------------+------------------------+
; ULA:ULA_1|teste[0]                                 ; ULA:ULA_1|Mux9      ; yes                    ;
; ULA:ULA_1|teste[1]                                 ; ULA:ULA_1|Mux9      ; yes                    ;
; ULA:ULA_1|teste[2]                                 ; ULA:ULA_1|Mux9      ; yes                    ;
; ULA:ULA_1|teste[3]                                 ; ULA:ULA_1|Mux9      ; yes                    ;
; ULA:ULA_1|teste[4]                                 ; ULA:ULA_1|Mux9      ; yes                    ;
; ULA:ULA_1|teste[5]                                 ; ULA:ULA_1|Mux9      ; yes                    ;
; ULA:ULA_1|teste[6]                                 ; ULA:ULA_1|Mux9      ; yes                    ;
; ULA:ULA_1|teste[7]                                 ; ULA:ULA_1|Mux9      ; yes                    ;
; Number of user-specified and inferred latches = 8  ;                     ;                        ;
+----------------------------------------------------+---------------------+------------------------+
Note: All latches listed above may not be present at the end of synthesis due to various synthesis optimizations.


+------------------------------------------------------+
; General Register Statistics                          ;
+----------------------------------------------+-------+
; Statistic                                    ; Value ;
+----------------------------------------------+-------+
; Total registers                              ; 48    ;
; Number of registers using Synchronous Clear  ; 0     ;
; Number of registers using Synchronous Load   ; 0     ;
; Number of registers using Asynchronous Clear ; 0     ;
; Number of registers using Asynchronous Load  ; 0     ;
; Number of registers using Clock Enable       ; 40    ;
; Number of registers using Preset             ; 0     ;
+----------------------------------------------+-------+


+----------------------------------------------------------------------------------------------------------------------------------------------------------------------+
; Multiplexer Restructuring Statistics (Restructuring Performed)                                                                                                       ;
+--------------------+-----------+---------------+----------------------+------------------------+------------+--------------------------------------------------------+
; Multiplexer Inputs ; Bus Width ; Baseline Area ; Area if Restructured ; Saving if Restructured ; Registered ; Example Multiplexer Output                             ;
+--------------------+-----------+---------------+----------------------+------------------------+------------+--------------------------------------------------------+
; 3:1                ; 4 bits    ; 8 LEs         ; 8 LEs                ; 0 LEs                  ; No         ; |MKdusk8BitsProcess|Multiplexador:multiplexador_4|R[2] ;
; 1:1                ; 8 bits    ; 0 LEs         ; 0 LEs                ; 0 LEs                  ; No         ; |MKdusk8BitsProcess|ULA:ULA_1|Mux11                    ;
; 3:1                ; 8 bits    ; 16 LEs        ; 0 LEs                ; 16 LEs                 ; No         ; |MKdusk8BitsProcess|ULA:ULA_1|Add0                     ;
; 5:1                ; 7 bits    ; 21 LEs        ; 14 LEs               ; 7 LEs                  ; No         ; |MKdusk8BitsProcess|ULA:ULA_1|Mux7                     ;
; 3:1                ; 7 bits    ; 14 LEs        ; 14 LEs               ; 0 LEs                  ; No         ; |MKdusk8BitsProcess|ULA:ULA_1|Add0                     ;
+--------------------+-----------+---------------+----------------------+------------------------+------------+--------------------------------------------------------+


+-----------------------------------------------------------+
; Port Connectivity Checks: "Multiplexador:multiplexador_4" ;
+---------+-------+----------+------------------------------+
; Port    ; Type  ; Severity ; Details                      ;
+---------+-------+----------+------------------------------+
; a[7..5] ; Input ; Info     ; Stuck at GND                 ;
+---------+-------+----------+------------------------------+


+--------------------------------------------------+
; Port Connectivity Checks: "SomadorPC:add_pc_1"   ;
+----------------+-------+----------+--------------+
; Port           ; Type  ; Severity ; Details      ;
+----------------+-------+----------+--------------+
; addintwo[7..1] ; Input ; Info     ; Stuck at GND ;
; addintwo[0]    ; Input ; Info     ; Stuck at VCC ;
+----------------+-------+----------+--------------+


+-----------------------------------------------------+
; Post-Synthesis Netlist Statistics for Top Partition ;
+-----------------------+-----------------------------+
; Type                  ; Count                       ;
+-----------------------+-----------------------------+
; arriav_ff             ; 48                          ;
;     ENA               ; 40                          ;
;     plain             ; 8                           ;
; arriav_lcell_comb     ; 120                         ;
;     arith             ; 17                          ;
;         1 data inputs ; 8                           ;
;         2 data inputs ; 1                           ;
;         4 data inputs ; 1                           ;
;         5 data inputs ; 7                           ;
;     normal            ; 103                         ;
;         0 data inputs ; 1                           ;
;         1 data inputs ; 1                           ;
;         2 data inputs ; 13                          ;
;         3 data inputs ; 22                          ;
;         4 data inputs ; 25                          ;
;         5 data inputs ; 15                          ;
;         6 data inputs ; 26                          ;
; boundary_port         ; 110                         ;
;                       ;                             ;
; Max LUT depth         ; 5.70                        ;
; Average LUT depth     ; 3.76                        ;
+-----------------------+-----------------------------+


+-------------------------------+
; Elapsed Time Per Partition    ;
+----------------+--------------+
; Partition Name ; Elapsed Time ;
+----------------+--------------+
; Top            ; 00:00:01     ;
+----------------+--------------+


+-------------------------------+
; Analysis & Synthesis Messages ;
+-------------------------------+
Info: *******************************************************************
Info: Running Quartus Prime Analysis & Synthesis
    Info: Version 18.1.0 Build 625 09/12/2018 SJ Lite Edition
    Info: Processing started: Tue Nov 26 18:22:40 2019
Info: Command: quartus_map --read_settings_files=on --write_settings_files=off MKdusk8BitsProcess -c MKdusk8BitsProcess
Warning (18236): Number of processors has not been specified which may cause overloading on shared machines.  Set the global assignment NUM_PARALLEL_PROCESSORS in your QSF to an appropriate value for best performance.
Info (20030): Parallel compilation is enabled and will use 2 of the 2 processors detected
Info (12021): Found 2 design units, including 1 entities, in source file mkdusk8bitsprocess.vhd
    Info (12022): Found design unit 1: MKdusk8BitsProcess-behavior File: C:/Users/Marku/OneDrive/Documentos/AOC/VHDL/MKduskProcess/MKdusk8BitsProcess.vhd Line: 51
    Info (12023): Found entity 1: MKdusk8BitsProcess File: C:/Users/Marku/OneDrive/Documentos/AOC/VHDL/MKduskProcess/MKdusk8BitsProcess.vhd Line: 9
Info (12021): Found 2 design units, including 1 entities, in source file bancoregistradores.vhd
    Info (12022): Found design unit 1: BancoRegistradores-behavior File: C:/Users/Marku/OneDrive/Documentos/AOC/VHDL/MKduskProcess/BancoRegistradores.vhd Line: 18
    Info (12023): Found entity 1: BancoRegistradores File: C:/Users/Marku/OneDrive/Documentos/AOC/VHDL/MKduskProcess/BancoRegistradores.vhd Line: 6
Info (12021): Found 2 design units, including 1 entities, in source file extensordesinal3to8bits.vhd
    Info (12022): Found design unit 1: ExtensordeSinal3To8bits-BEHAVIOR File: C:/Users/Marku/OneDrive/Documentos/AOC/VHDL/MKduskProcess/ExtensordeSinal3To8bits.vhd Line: 16
    Info (12023): Found entity 1: ExtensordeSinal3To8bits File: C:/Users/Marku/OneDrive/Documentos/AOC/VHDL/MKduskProcess/ExtensordeSinal3To8bits.vhd Line: 6
Info (12021): Found 2 design units, including 1 entities, in source file portand.vhd
    Info (12022): Found design unit 1: PortAnd-PAnd File: C:/Users/Marku/OneDrive/Documentos/AOC/VHDL/MKduskProcess/PortAnd.vhd Line: 12
    Info (12023): Found entity 1: PortAnd File: C:/Users/Marku/OneDrive/Documentos/AOC/VHDL/MKduskProcess/PortAnd.vhd Line: 6
Info (12021): Found 2 design units, including 1 entities, in source file portnot.vhd
    Info (12022): Found design unit 1: PortNot-PNot File: C:/Users/Marku/OneDrive/Documentos/AOC/VHDL/MKduskProcess/PortNot.vhd Line: 12
    Info (12023): Found entity 1: PortNot File: C:/Users/Marku/OneDrive/Documentos/AOC/VHDL/MKduskProcess/PortNot.vhd Line: 6
Info (12021): Found 2 design units, including 1 entities, in source file portor.vhd
    Info (12022): Found design unit 1: PortOr-POr File: C:/Users/Marku/OneDrive/Documentos/AOC/VHDL/MKduskProcess/PortOr.vhd Line: 12
    Info (12023): Found entity 1: PortOr File: C:/Users/Marku/OneDrive/Documentos/AOC/VHDL/MKduskProcess/PortOr.vhd Line: 6
Info (12021): Found 2 design units, including 1 entities, in source file multiplexador.vhd
    Info (12022): Found design unit 1: Multiplexador-Mux File: C:/Users/Marku/OneDrive/Documentos/AOC/VHDL/MKduskProcess/Multiplexador.vhd Line: 12
    Info (12023): Found entity 1: Multiplexador File: C:/Users/Marku/OneDrive/Documentos/AOC/VHDL/MKduskProcess/Multiplexador.vhd Line: 5
Info (12021): Found 2 design units, including 1 entities, in source file ram.vhd
    Info (12022): Found design unit 1: RAM-teste File: C:/Users/Marku/OneDrive/Documentos/AOC/VHDL/MKduskProcess/RAM.vhd Line: 12
    Info (12023): Found entity 1: RAM File: C:/Users/Marku/OneDrive/Documentos/AOC/VHDL/MKduskProcess/RAM.vhd Line: 5
Info (12021): Found 2 design units, including 1 entities, in source file rom_1.vhd
    Info (12022): Found design unit 1: ROM_1-teste File: C:/Users/Marku/OneDrive/Documentos/AOC/VHDL/MKduskProcess/ROM_1.vhd Line: 11
    Info (12023): Found entity 1: ROM_1 File: C:/Users/Marku/OneDrive/Documentos/AOC/VHDL/MKduskProcess/ROM_1.vhd Line: 6
Info (12021): Found 2 design units, including 1 entities, in source file somadorpc.vhd
    Info (12022): Found design unit 1: SomadorPC-behavior File: C:/Users/Marku/OneDrive/Documentos/AOC/VHDL/MKduskProcess/SomadorPC.vhd Line: 13
    Info (12023): Found entity 1: SomadorPC File: C:/Users/Marku/OneDrive/Documentos/AOC/VHDL/MKduskProcess/SomadorPC.vhd Line: 6
Info (12021): Found 2 design units, including 1 entities, in source file ula.vhd
    Info (12022): Found design unit 1: ULA-Behavioral File: C:/Users/Marku/OneDrive/Documentos/AOC/VHDL/MKduskProcess/ULA.vhd Line: 14
    Info (12023): Found entity 1: ULA File: C:/Users/Marku/OneDrive/Documentos/AOC/VHDL/MKduskProcess/ULA.vhd Line: 7
Info (12021): Found 2 design units, including 1 entities, in source file unidade_controle.vhd
    Info (12022): Found design unit 1: Unidade_Controle-Behavioral File: C:/Users/Marku/OneDrive/Documentos/AOC/VHDL/MKduskProcess/Unidade_Controle.vhd Line: 11
    Info (12023): Found entity 1: Unidade_Controle File: C:/Users/Marku/OneDrive/Documentos/AOC/VHDL/MKduskProcess/Unidade_Controle.vhd Line: 4
Info (12021): Found 2 design units, including 1 entities, in source file pc.vhd
    Info (12022): Found design unit 1: PC-behavior File: C:/Users/Marku/OneDrive/Documentos/AOC/VHDL/MKduskProcess/PC.vhd Line: 16
    Info (12023): Found entity 1: PC File: C:/Users/Marku/OneDrive/Documentos/AOC/VHDL/MKduskProcess/PC.vhd Line: 6
Info (12127): Elaborating entity "MKdusk8BitsProcess" for the top level hierarchy
Warning (10541): VHDL Signal Declaration warning at MKdusk8BitsProcess.vhd(19): used implicit default value for signal "in_rom" because signal was never assigned a value or an explicit default value. Use of implicit default value may introduce unintended design optimizations. File: C:/Users/Marku/OneDrive/Documentos/AOC/VHDL/MKduskProcess/MKdusk8BitsProcess.vhd Line: 19
Warning (10541): VHDL Signal Declaration warning at MKdusk8BitsProcess.vhd(34): used implicit default value for signal "out_mem_read" because signal was never assigned a value or an explicit default value. Use of implicit default value may introduce unintended design optimizations. File: C:/Users/Marku/OneDrive/Documentos/AOC/VHDL/MKduskProcess/MKdusk8BitsProcess.vhd Line: 34
Warning (10541): VHDL Signal Declaration warning at MKdusk8BitsProcess.vhd(35): used implicit default value for signal "out_mem_write" because signal was never assigned a value or an explicit default value. Use of implicit default value may introduce unintended design optimizations. File: C:/Users/Marku/OneDrive/Documentos/AOC/VHDL/MKduskProcess/MKdusk8BitsProcess.vhd Line: 35
Warning (10541): VHDL Signal Declaration warning at MKdusk8BitsProcess.vhd(36): used implicit default value for signal "out_ula_src" because signal was never assigned a value or an explicit default value. Use of implicit default value may introduce unintended design optimizations. File: C:/Users/Marku/OneDrive/Documentos/AOC/VHDL/MKduskProcess/MKdusk8BitsProcess.vhd Line: 36
Warning (10541): VHDL Signal Declaration warning at MKdusk8BitsProcess.vhd(37): used implicit default value for signal "out_reg_write" because signal was never assigned a value or an explicit default value. Use of implicit default value may introduce unintended design optimizations. File: C:/Users/Marku/OneDrive/Documentos/AOC/VHDL/MKduskProcess/MKdusk8BitsProcess.vhd Line: 37
Warning (10541): VHDL Signal Declaration warning at MKdusk8BitsProcess.vhd(38): used implicit default value for signal "out_mem_to_reg" because signal was never assigned a value or an explicit default value. Use of implicit default value may introduce unintended design optimizations. File: C:/Users/Marku/OneDrive/Documentos/AOC/VHDL/MKduskProcess/MKdusk8BitsProcess.vhd Line: 38
Warning (10541): VHDL Signal Declaration warning at MKdusk8BitsProcess.vhd(39): used implicit default value for signal "out_ula_op" because signal was never assigned a value or an explicit default value. Use of implicit default value may introduce unintended design optimizations. File: C:/Users/Marku/OneDrive/Documentos/AOC/VHDL/MKduskProcess/MKdusk8BitsProcess.vhd Line: 39
Info (12128): Elaborating entity "PC" for hierarchy "PC:Program_Counter" File: C:/Users/Marku/OneDrive/Documentos/AOC/VHDL/MKduskProcess/MKdusk8BitsProcess.vhd Line: 180
Info (12128): Elaborating entity "SomadorPC" for hierarchy "SomadorPC:add_pc_1" File: C:/Users/Marku/OneDrive/Documentos/AOC/VHDL/MKduskProcess/MKdusk8BitsProcess.vhd Line: 186
Info (12128): Elaborating entity "ROM_1" for hierarchy "ROM_1:memory_rom" File: C:/Users/Marku/OneDrive/Documentos/AOC/VHDL/MKduskProcess/MKdusk8BitsProcess.vhd Line: 194
Info (12128): Elaborating entity "ExtensordeSinal3To8bits" for hierarchy "ExtensordeSinal3To8bits:extensor_sinal" File: C:/Users/Marku/OneDrive/Documentos/AOC/VHDL/MKduskProcess/MKdusk8BitsProcess.vhd Line: 200
Warning (10492): VHDL Process Statement warning at ExtensordeSinal3To8bits.vhd(21): signal "extend3" is read inside the Process Statement but isn't in the Process Statement's sensitivity list File: C:/Users/Marku/OneDrive/Documentos/AOC/VHDL/MKduskProcess/ExtensordeSinal3To8bits.vhd Line: 21
Warning (10492): VHDL Process Statement warning at ExtensordeSinal3To8bits.vhd(24): signal "extend3" is read inside the Process Statement but isn't in the Process Statement's sensitivity list File: C:/Users/Marku/OneDrive/Documentos/AOC/VHDL/MKduskProcess/ExtensordeSinal3To8bits.vhd Line: 24
Warning (10631): VHDL Process Statement warning at ExtensordeSinal3To8bits.vhd(19): inferring latch(es) for signal or variable "SAIDA", which holds its previous value in one or more paths through the process File: C:/Users/Marku/OneDrive/Documentos/AOC/VHDL/MKduskProcess/ExtensordeSinal3To8bits.vhd Line: 19
Info (10041): Inferred latch for "SAIDA[0]" at ExtensordeSinal3To8bits.vhd(19) File: C:/Users/Marku/OneDrive/Documentos/AOC/VHDL/MKduskProcess/ExtensordeSinal3To8bits.vhd Line: 19
Info (10041): Inferred latch for "SAIDA[1]" at ExtensordeSinal3To8bits.vhd(19) File: C:/Users/Marku/OneDrive/Documentos/AOC/VHDL/MKduskProcess/ExtensordeSinal3To8bits.vhd Line: 19
Info (10041): Inferred latch for "SAIDA[2]" at ExtensordeSinal3To8bits.vhd(19) File: C:/Users/Marku/OneDrive/Documentos/AOC/VHDL/MKduskProcess/ExtensordeSinal3To8bits.vhd Line: 19
Info (10041): Inferred latch for "SAIDA[3]" at ExtensordeSinal3To8bits.vhd(19) File: C:/Users/Marku/OneDrive/Documentos/AOC/VHDL/MKduskProcess/ExtensordeSinal3To8bits.vhd Line: 19
Info (10041): Inferred latch for "SAIDA[4]" at ExtensordeSinal3To8bits.vhd(19) File: C:/Users/Marku/OneDrive/Documentos/AOC/VHDL/MKduskProcess/ExtensordeSinal3To8bits.vhd Line: 19
Info (10041): Inferred latch for "SAIDA[5]" at ExtensordeSinal3To8bits.vhd(19) File: C:/Users/Marku/OneDrive/Documentos/AOC/VHDL/MKduskProcess/ExtensordeSinal3To8bits.vhd Line: 19
Info (10041): Inferred latch for "SAIDA[6]" at ExtensordeSinal3To8bits.vhd(19) File: C:/Users/Marku/OneDrive/Documentos/AOC/VHDL/MKduskProcess/ExtensordeSinal3To8bits.vhd Line: 19
Info (10041): Inferred latch for "SAIDA[7]" at ExtensordeSinal3To8bits.vhd(19) File: C:/Users/Marku/OneDrive/Documentos/AOC/VHDL/MKduskProcess/ExtensordeSinal3To8bits.vhd Line: 19
Info (12128): Elaborating entity "BancoRegistradores" for hierarchy "BancoRegistradores:banco_registradores" File: C:/Users/Marku/OneDrive/Documentos/AOC/VHDL/MKduskProcess/MKdusk8BitsProcess.vhd Line: 209
Warning (10492): VHDL Process Statement warning at BancoRegistradores.vhd(36): signal "Reg" is read inside the Process Statement but isn't in the Process Statement's sensitivity list File: C:/Users/Marku/OneDrive/Documentos/AOC/VHDL/MKduskProcess/BancoRegistradores.vhd Line: 36
Warning (10492): VHDL Process Statement warning at BancoRegistradores.vhd(36): signal "LeReg1" is read inside the Process Statement but isn't in the Process Statement's sensitivity list File: C:/Users/Marku/OneDrive/Documentos/AOC/VHDL/MKduskProcess/BancoRegistradores.vhd Line: 36
Warning (10492): VHDL Process Statement warning at BancoRegistradores.vhd(37): signal "Reg" is read inside the Process Statement but isn't in the Process Statement's sensitivity list File: C:/Users/Marku/OneDrive/Documentos/AOC/VHDL/MKduskProcess/BancoRegistradores.vhd Line: 37
Warning (10492): VHDL Process Statement warning at BancoRegistradores.vhd(37): signal "LeReg2" is read inside the Process Statement but isn't in the Process Statement's sensitivity list File: C:/Users/Marku/OneDrive/Documentos/AOC/VHDL/MKduskProcess/BancoRegistradores.vhd Line: 37
Info (12128): Elaborating entity "Multiplexador" for hierarchy "Multiplexador:multiplexador_1" File: C:/Users/Marku/OneDrive/Documentos/AOC/VHDL/MKduskProcess/MKdusk8BitsProcess.vhd Line: 220
Info (12128): Elaborating entity "ULA" for hierarchy "ULA:ULA_1" File: C:/Users/Marku/OneDrive/Documentos/AOC/VHDL/MKduskProcess/MKdusk8BitsProcess.vhd Line: 255
Warning (10492): VHDL Process Statement warning at ULA.vhd(27): signal "teste" is read inside the Process Statement but isn't in the Process Statement's sensitivity list File: C:/Users/Marku/OneDrive/Documentos/AOC/VHDL/MKduskProcess/ULA.vhd Line: 27
Warning (10631): VHDL Process Statement warning at ULA.vhd(18): inferring latch(es) for signal or variable "teste", which holds its previous value in one or more paths through the process File: C:/Users/Marku/OneDrive/Documentos/AOC/VHDL/MKduskProcess/ULA.vhd Line: 18
Info (10041): Inferred latch for "teste[0]" at ULA.vhd(18) File: C:/Users/Marku/OneDrive/Documentos/AOC/VHDL/MKduskProcess/ULA.vhd Line: 18
Info (10041): Inferred latch for "teste[1]" at ULA.vhd(18) File: C:/Users/Marku/OneDrive/Documentos/AOC/VHDL/MKduskProcess/ULA.vhd Line: 18
Info (10041): Inferred latch for "teste[2]" at ULA.vhd(18) File: C:/Users/Marku/OneDrive/Documentos/AOC/VHDL/MKduskProcess/ULA.vhd Line: 18
Info (10041): Inferred latch for "teste[3]" at ULA.vhd(18) File: C:/Users/Marku/OneDrive/Documentos/AOC/VHDL/MKduskProcess/ULA.vhd Line: 18
Info (10041): Inferred latch for "teste[4]" at ULA.vhd(18) File: C:/Users/Marku/OneDrive/Documentos/AOC/VHDL/MKduskProcess/ULA.vhd Line: 18
Info (10041): Inferred latch for "teste[5]" at ULA.vhd(18) File: C:/Users/Marku/OneDrive/Documentos/AOC/VHDL/MKduskProcess/ULA.vhd Line: 18
Info (10041): Inferred latch for "teste[6]" at ULA.vhd(18) File: C:/Users/Marku/OneDrive/Documentos/AOC/VHDL/MKduskProcess/ULA.vhd Line: 18
Info (10041): Inferred latch for "teste[7]" at ULA.vhd(18) File: C:/Users/Marku/OneDrive/Documentos/AOC/VHDL/MKduskProcess/ULA.vhd Line: 18
Info (12128): Elaborating entity "RAM" for hierarchy "RAM:ram_1" File: C:/Users/Marku/OneDrive/Documentos/AOC/VHDL/MKduskProcess/MKdusk8BitsProcess.vhd Line: 264
Info (12128): Elaborating entity "PortAnd" for hierarchy "PortAnd:port_and" File: C:/Users/Marku/OneDrive/Documentos/AOC/VHDL/MKduskProcess/MKdusk8BitsProcess.vhd Line: 274
Info (12128): Elaborating entity "Unidade_Controle" for hierarchy "Unidade_Controle:UC" File: C:/Users/Marku/OneDrive/Documentos/AOC/VHDL/MKduskProcess/MKdusk8BitsProcess.vhd Line: 280
Warning (10492): VHDL Process Statement warning at Unidade_Controle.vhd(18): signal "funct" is read inside the Process Statement but isn't in the Process Statement's sensitivity list File: C:/Users/Marku/OneDrive/Documentos/AOC/VHDL/MKduskProcess/Unidade_Controle.vhd Line: 18
Info (276014): Found 2 instances of uninferred RAM logic
    Info (276004): RAM logic "RAM:ram_1|memoria" is uninferred due to inappropriate RAM size File: C:/Users/Marku/OneDrive/Documentos/AOC/VHDL/MKduskProcess/RAM.vhd Line: 14
    Info (276004): RAM logic "BancoRegistradores:banco_registradores|Reg" is uninferred due to inappropriate RAM size File: C:/Users/Marku/OneDrive/Documentos/AOC/VHDL/MKduskProcess/BancoRegistradores.vhd Line: 21
Warning (13024): Output pins are stuck at VCC or GND
    Warning (13410): Pin "out_extensor_sinal[2]" is stuck at GND File: C:/Users/Marku/OneDrive/Documentos/AOC/VHDL/MKduskProcess/MKdusk8BitsProcess.vhd Line: 15
    Warning (13410): Pin "out_extensor_sinal[4]" is stuck at GND File: C:/Users/Marku/OneDrive/Documentos/AOC/VHDL/MKduskProcess/MKdusk8BitsProcess.vhd Line: 15
    Warning (13410): Pin "out_extensor_sinal[5]" is stuck at GND File: C:/Users/Marku/OneDrive/Documentos/AOC/VHDL/MKduskProcess/MKdusk8BitsProcess.vhd Line: 15
    Warning (13410): Pin "out_extensor_sinal[6]" is stuck at GND File: C:/Users/Marku/OneDrive/Documentos/AOC/VHDL/MKduskProcess/MKdusk8BitsProcess.vhd Line: 15
    Warning (13410): Pin "out_extensor_sinal[7]" is stuck at GND File: C:/Users/Marku/OneDrive/Documentos/AOC/VHDL/MKduskProcess/MKdusk8BitsProcess.vhd Line: 15
    Warning (13410): Pin "herbert[2]" is stuck at GND File: C:/Users/Marku/OneDrive/Documentos/AOC/VHDL/MKduskProcess/MKdusk8BitsProcess.vhd Line: 18
    Warning (13410): Pin "in_rom[0]" is stuck at GND File: C:/Users/Marku/OneDrive/Documentos/AOC/VHDL/MKduskProcess/MKdusk8BitsProcess.vhd Line: 19
    Warning (13410): Pin "in_rom[1]" is stuck at GND File: C:/Users/Marku/OneDrive/Documentos/AOC/VHDL/MKduskProcess/MKdusk8BitsProcess.vhd Line: 19
    Warning (13410): Pin "in_rom[2]" is stuck at GND File: C:/Users/Marku/OneDrive/Documentos/AOC/VHDL/MKduskProcess/MKdusk8BitsProcess.vhd Line: 19
    Warning (13410): Pin "in_rom[3]" is stuck at GND File: C:/Users/Marku/OneDrive/Documentos/AOC/VHDL/MKduskProcess/MKdusk8BitsProcess.vhd Line: 19
    Warning (13410): Pin "in_rom[4]" is stuck at GND File: C:/Users/Marku/OneDrive/Documentos/AOC/VHDL/MKduskProcess/MKdusk8BitsProcess.vhd Line: 19
    Warning (13410): Pin "in_rom[5]" is stuck at GND File: C:/Users/Marku/OneDrive/Documentos/AOC/VHDL/MKduskProcess/MKdusk8BitsProcess.vhd Line: 19
    Warning (13410): Pin "in_rom[6]" is stuck at GND File: C:/Users/Marku/OneDrive/Documentos/AOC/VHDL/MKduskProcess/MKdusk8BitsProcess.vhd Line: 19
    Warning (13410): Pin "in_rom[7]" is stuck at GND File: C:/Users/Marku/OneDrive/Documentos/AOC/VHDL/MKduskProcess/MKdusk8BitsProcess.vhd Line: 19
    Warning (13410): Pin "out_mem_read" is stuck at GND File: C:/Users/Marku/OneDrive/Documentos/AOC/VHDL/MKduskProcess/MKdusk8BitsProcess.vhd Line: 34
    Warning (13410): Pin "out_mem_write" is stuck at GND File: C:/Users/Marku/OneDrive/Documentos/AOC/VHDL/MKduskProcess/MKdusk8BitsProcess.vhd Line: 35
    Warning (13410): Pin "out_ula_src" is stuck at GND File: C:/Users/Marku/OneDrive/Documentos/AOC/VHDL/MKduskProcess/MKdusk8BitsProcess.vhd Line: 36
    Warning (13410): Pin "out_reg_write" is stuck at GND File: C:/Users/Marku/OneDrive/Documentos/AOC/VHDL/MKduskProcess/MKdusk8BitsProcess.vhd Line: 37
    Warning (13410): Pin "out_mem_to_reg" is stuck at GND File: C:/Users/Marku/OneDrive/Documentos/AOC/VHDL/MKduskProcess/MKdusk8BitsProcess.vhd Line: 38
    Warning (13410): Pin "out_ula_op[0]" is stuck at GND File: C:/Users/Marku/OneDrive/Documentos/AOC/VHDL/MKduskProcess/MKdusk8BitsProcess.vhd Line: 39
    Warning (13410): Pin "out_ula_op[1]" is stuck at GND File: C:/Users/Marku/OneDrive/Documentos/AOC/VHDL/MKduskProcess/MKdusk8BitsProcess.vhd Line: 39
    Warning (13410): Pin "out_ula_op[2]" is stuck at GND File: C:/Users/Marku/OneDrive/Documentos/AOC/VHDL/MKduskProcess/MKdusk8BitsProcess.vhd Line: 39
Info (286030): Timing-Driven Synthesis is running
Info (16010): Generating hard_block partition "hard_block:auto_generated_inst"
    Info (16011): Adding 0 node(s), including 0 DDIO, 0 PLL, 0 transceiver and 0 LCELL
Info (21057): Implemented 268 device resources after synthesis - the final resource count might be different
    Info (21058): Implemented 1 input pins
    Info (21059): Implemented 109 output pins
    Info (21061): Implemented 158 logic cells
Info: Quartus Prime Analysis & Synthesis was successful. 0 errors, 41 warnings
    Info: Peak virtual memory: 4859 megabytes
    Info: Processing ended: Tue Nov 26 18:23:04 2019
    Info: Elapsed time: 00:00:24
    Info: Total CPU time (on all processors): 00:00:50


